\BOOKMARK [0][-]{chapter.1}{\376\377\000R\000a\000p\000p\000o\000r\000t\000\040\000d\000e\000\040\000L\000i\000v\000r\000a\000i\000s\000o\000n\000\040\000:\000\040\000S\000p\000r\000i\000n\000t\000\040\0001}{}% 1
\BOOKMARK [1][-]{section.1.1}{\376\377\000I\000n\000t\000r\000o\000d\000u\000c\000t\000i\000o\000n}{chapter.1}% 2
\BOOKMARK [1][-]{section.1.2}{\376\377\000O\000b\000j\000e\000c\000t\000i\000f\000\040\000d\000u\000\040\000S\000p\000r\000i\000n\000t\000\040\000\050\000S\000p\000r\000i\000n\000t\000\040\000G\000o\000a\000l\000\051}{chapter.1}% 3
\BOOKMARK [1][-]{section.1.3}{\376\377\000I\000n\000f\000o\000r\000m\000a\000t\000i\000o\000n\000s\000\040\000G\000\351\000n\000\351\000r\000a\000l\000e\000s}{chapter.1}% 4
\BOOKMARK [1][-]{section.1.4}{\376\377\000R\000\364\000l\000e\000s\000\040\000e\000t\000\040\000R\000e\000s\000p\000o\000n\000s\000a\000b\000i\000l\000i\000t\000\351\000s}{chapter.1}% 5
\BOOKMARK [0][-]{chapter.2}{\376\377\000P\000r\000o\000d\000u\000c\000t\000\040\000B\000a\000c\000k\000l\000o\000g\000\040\000\046\000\040\000S\000p\000r\000i\000n\000t\000\040\000B\000a\000c\000k\000l\000o\000g}{}% 6
\BOOKMARK [1][-]{section.2.1}{\376\377\000B\000a\000c\000k\000l\000o\000g\000\040\000d\000u\000\040\000S\000p\000r\000i\000n\000t\000\040\000e\000t\000\040\000A\000v\000a\000n\000c\000e\000m\000e\000n\000t}{chapter.2}% 7
\BOOKMARK [0][-]{chapter.3}{\376\377\000I\000n\000c\000r\000\351\000m\000e\000n\000t\000\040\000L\000i\000v\000r\000\351\000\040\000\050\000V\000a\000l\000e\000u\000r\000\040\000M\000\351\000t\000i\000e\000r\000\051}{}% 8
\BOOKMARK [1][-]{section.3.1}{\376\377\000F\000o\000n\000c\000t\000i\000o\000n\000n\000a\000l\000i\000t\000\351\000s\000\040\000L\000i\000v\000r\000\351\000e\000s}{chapter.3}% 9
\BOOKMARK [2][-]{subsection.3.1.1}{\376\377\0001\000.\000\040\000G\000e\000s\000t\000i\000o\000n\000\040\000d\000e\000s\000\040\000R\000\350\000g\000l\000e\000s\000\040\000e\000t\000\040\000P\000\351\000n\000a\000l\000i\000t\000\351\000s\000\040\000\050\000A\000d\000m\000i\000n\000\051}{section.3.1}% 10
\BOOKMARK [2][-]{subsection.3.1.2}{\376\377\0002\000.\000\040\000S\000y\000s\000t\000\350\000m\000e\000\040\000d\000e\000\040\000R\000\351\000s\000e\000r\000v\000a\000t\000i\000o\000n\000s\000\040\000\050\000M\000e\000m\000b\000r\000e\000\051}{section.3.1}% 11
\BOOKMARK [2][-]{subsection.3.1.3}{\376\377\0003\000.\000\040\000A\000u\000d\000i\000t\000\040\000e\000t\000\040\000S\000\351\000c\000u\000r\000i\000t\000\351\000\040\000\050\000A\000d\000m\000i\000n\000\051}{section.3.1}% 12
\BOOKMARK [2][-]{subsection.3.1.4}{\376\377\0004\000.\000\040\000R\000e\000s\000t\000i\000t\000u\000t\000i\000o\000n\000s\000\040\000e\000t\000\040\000R\000e\000n\000o\000u\000v\000e\000l\000l\000e\000m\000e\000n\000t\000s\000\040\000\050\000B\000i\000b\000l\000i\000o\000t\000h\000\351\000c\000a\000i\000r\000e\000\051}{section.3.1}% 13
\BOOKMARK [1][-]{section.3.2}{\376\377\000C\000a\000p\000t\000u\000r\000e\000s\000\040\000d\000'\000\351\000c\000r\000a\000n\000\040\000e\000t\000\040\000L\000i\000v\000r\000a\000b\000l\000e\000s}{chapter.3}% 14
\BOOKMARK [0][-]{chapter.4}{\376\377\000M\000\351\000t\000r\000i\000q\000u\000e\000s\000\040\000A\000g\000i\000l\000e\000s\000\040\000\050\000S\000p\000r\000i\000n\000t\000\040\0001\000\051}{}% 15
\BOOKMARK [1][-]{section.4.1}{\376\377\000V\000e\000l\000o\000c\000i\000t\000y\000\040\000C\000h\000a\000r\000t}{chapter.4}% 16
\BOOKMARK [1][-]{section.4.2}{\376\377\000B\000u\000r\000n\000d\000o\000w\000n\000\040\000C\000h\000a\000r\000t\000\040\000\050\000A\000n\000a\000l\000y\000s\000e\000\051}{chapter.4}% 17
\BOOKMARK [1][-]{section.4.3}{\376\377\000C\000u\000m\000u\000l\000a\000t\000i\000v\000e\000\040\000F\000l\000o\000w\000\040\000D\000i\000a\000g\000r\000a\000m}{chapter.4}% 18
\BOOKMARK [0][-]{chapter.5}{\376\377\000R\000\351\000t\000r\000o\000s\000p\000e\000c\000t\000i\000v\000e\000\040\000d\000u\000\040\000S\000p\000r\000i\000n\000t}{}% 19
\BOOKMARK [1][-]{section.5.1}{\376\377\000C\000e\000\040\000q\000u\000i\000\040\000a\000\040\000b\000i\000e\000n\000\040\000f\000o\000n\000c\000t\000i\000o\000n\000n\000\351}{chapter.5}% 20
\BOOKMARK [1][-]{section.5.2}{\376\377\000P\000o\000i\000n\000t\000s\000\040\000d\000'\000a\000m\000\351\000l\000i\000o\000r\000a\000t\000i\000o\000n}{chapter.5}% 21
